<?xml version="1.0" encoding="UTF-8"?>
<testsuite xmlns:xsi="http://www.w3.org/2001/XMLSchema-instance" xsi:noNamespaceSchemaLocation="https://maven.apache.org/surefire/maven-surefire-plugin/xsd/surefire-test-report.xsd" version="3.0.2" name="TestSuite" time="11.148" tests="1" errors="0" skipped="0" failures="0">
  <properties>
[...]
</properties>
  <testcase name="runScenario[&quot;: Successful Login into MWS using valid credential&quot;, &quot;MWS Login feature&quot;](1)" classname="cucumberOptions.TestNgTestRunner" time="10.284">
    <system-out><![CDATA[
Scenario Outline: : Successful Login into MWS using valid credential                               # src/test/java/features/LoginFeature.feature:13
user oprn url
*************
http://vamontrunk01:8585/
*************
  Given User open url                                                                              # stepDefinitions.LoginPageStepDefinitions.user_open_url()
  Then Title of Login page is "My webMethods: My webMethods Login Page"                            # stepDefinitions.LoginPageStepDefinitions.title_of_login_page_is(java.lang.String)
Successfully entered value
Successfully entered value
  When User enters user name as "Administrator" and password as "manage" and click on login button # stepDefinitions.LoginPageStepDefinitions.user_enters_user_name_as_and_password_as_and_click_on_login_button(java.lang.String,java.lang.String)
close url
  Then User close browser                                                                          # stepDefinitions.LoginPageStepDefinitions.user_close_browser()
]]></system-out>
    <system-err><![CDATA[SLF4J: Failed to load class "org.slf4j.impl.StaticLoggerBinder".
SLF4J: Defaulting to no-operation (NOP) logger implementation
SLF4J: See http://www.slf4j.org/codes.html#StaticLoggerBinder for further details.
Aug 24, 2024 11:43:59 AM org.openqa.selenium.manager.SeleniumManager lambda$runCommand$1
WARNING: The chromedriver version (126.0.6478.61) detected in PATH at C:\Tools\drivers\chromedriver\chromedriver.exe might not be compatible with the detected chrome version (127.0.6533.120); currently, chromedriver 127.0.6533.119 is recommended for chrome 127.*, so it is advised to delete the driver in PATH and retry
]]></system-err>
  </testcase>
</testsuite>